<?xml version="1.0" encoding="UTF-8"?>
<!-- Generated by org.testng.reporters.JUnitXMLReporter -->
<testsuite hostname="DESKTOP-D2PVE9H" ignored="0" name="Test" tests="9" failures="0" timestamp="2019-12-22T17:12:16 IST" time="149.459" errors="0">
  <testcase name="Adminsignin" time="15.17" classname="com.mycompany.rental.regression.AdminBrands"/>
  <testcase name="adminListedBrands" time="15.668" classname="com.mycompany.rental.regression.AdminListedBrands"/>
  <testcase name="AdminManageBookings" time="16.234" classname="com.mycompany.rental.regression.AdminManageBooking"/>
  <testcase name="adminQueries" time="15.843" classname="com.mycompany.rental.regression.AdminTestmonials"/>
  <testcase name="adminSubscribers" time="19.342" classname="com.mycompany.rental.regression.AdminSubscribers"/>
  <testcase name="Adminsignin" time="15.998" classname="com.mycompany.rental.regression.AdminRegisterdUsers"/>
  <testcase name="Adminsignin" time="16.769" classname="com.mycompany.rental.regression.AdminPostVehicle"/>
  <testcase name="adminQueries" time="17.943" classname="com.mycompany.rental.regression.AdminQueries"/>
  <testcase name="AdminUpdateContact" time="16.42" classname="com.mycompany.rental.regression.AdminUpdateContacts"/>
</testsuite> <!-- Test -->
